Build started 31.03.2020 23:08:18.
     1>Project "C:\Users\Lenovo\Documents\Visual Studio 2012\Projects\HW2\HW2\HW2.vcxproj" on node 2 (Build target(s)).
     1>ClCompile:
         E:\Program Dosyaları (x86)\Microsoft Visual Studio 11.0\VC\bin\CL.exe /c /IE:\Coin3D\include /IE:\EigenLib /ZI /nologo /W3 /WX- /Od /Oy- /D "WIN32" /D _DEBUG /D _CONSOLE /D "COIN_DLL" /D "SOWIN_DLL" /D "_UNICODE" /D "UNICODE" /Gm /EHsc /RTC1 /MDd /GS /fp:precise /Zc:wchar_t /Zc:forScope /Fo"Debug\\" /Fd"Debug\vc110.pdb" /Gd /TP /analyze- /errorReport:prompt Main.cpp
         Main.cpp
     1>c:\users\lenovo\documents\visual studio 2012\projects\hw2\hw2\mesh.h(83): warning C4091: 'typedef ' : ignored on left of 'Vec3f' when no variable is declared
     1>c:\users\lenovo\documents\visual studio 2012\projects\hw2\hw2\main.cpp(84): warning C4018: '<' : signed/unsigned mismatch
     1>c:\users\lenovo\documents\visual studio 2012\projects\hw2\hw2\main.cpp(93): warning C4018: '<' : signed/unsigned mismatch
     1>c:\users\lenovo\documents\visual studio 2012\projects\hw2\hw2\main.cpp(140): warning C4018: '<' : signed/unsigned mismatch
     1>c:\users\lenovo\documents\visual studio 2012\projects\hw2\hw2\main.cpp(155): warning C4018: '<' : signed/unsigned mismatch
     1>c:\users\lenovo\documents\visual studio 2012\projects\hw2\hw2\main.cpp(164): warning C4018: '<' : signed/unsigned mismatch
     1>c:\users\lenovo\documents\visual studio 2012\projects\hw2\hw2\main.cpp(170): warning C4018: '<' : signed/unsigned mismatch
     1>c:\users\lenovo\documents\visual studio 2012\projects\hw2\hw2\main.cpp(176): warning C4018: '<' : signed/unsigned mismatch
     1>c:\users\lenovo\documents\visual studio 2012\projects\hw2\hw2\main.cpp(188): warning C4018: '<' : signed/unsigned mismatch
       Link:
         E:\Program Dosyaları (x86)\Microsoft Visual Studio 11.0\VC\bin\link.exe /ERRORREPORT:PROMPT /OUT:"C:\Users\Lenovo\Documents\Visual Studio 2012\Projects\HW2\Debug\HW2.exe" /INCREMENTAL /NOLOGO /LIBPATH:E:\Coin3D\lib coin2d.lib sowin1d.lib kernel32.lib user32.lib gdi32.lib winspool.lib comdlg32.lib advapi32.lib shell32.lib ole32.lib oleaut32.lib uuid.lib odbc32.lib odbccp32.lib /MANIFEST /MANIFESTUAC:"level='asInvoker' uiAccess='false'" /manifest:embed /DEBUG /PDB:"C:\Users\Lenovo\Documents\Visual Studio 2012\Projects\HW2\Debug\HW2.pdb" /SUBSYSTEM:CONSOLE /TLBID:1 /DYNAMICBASE /NXCOMPAT /IMPLIB:"C:\Users\Lenovo\Documents\Visual Studio 2012\Projects\HW2\Debug\HW2.lib" /MACHINE:X86 Debug\Dijsktra.obj
         Debug\Main.obj
         Debug\Mesh.obj
         Debug\Painter.obj
         Debug\Parameterization.obj
         Debug\Sampling.obj
         Debug\SphereGen.obj
         Debug\SphereParam.obj
         HW2.vcxproj -> C:\Users\Lenovo\Documents\Visual Studio 2012\Projects\HW2\Debug\HW2.exe
     1>Done Building Project "C:\Users\Lenovo\Documents\Visual Studio 2012\Projects\HW2\HW2\HW2.vcxproj" (Build target(s)).

Build succeeded.

Time Elapsed 00:00:04.05
