Build started 19.07.2020 19:26:28.
     1>Project "E:\GitHub Repos\METU-CENG-Coursework\Ceng789 - Digital Geometry Processing\HW2\HW2\HW2.vcxproj" on node 2 (Build target(s)).
     1>ClCompile:
         E:\Program Dosyaları (x86)\Microsoft Visual Studio 11.0\VC\bin\CL.exe /c /IE:\Coin3D\include /IE:\EigenLib /ZI /nologo /W3 /WX- /Od /Oy- /D "WIN32" /D _DEBUG /D _CONSOLE /D "COIN_DLL" /D "SOWIN_DLL" /D "_UNICODE" /D "UNICODE" /Gm /EHsc /RTC1 /MDd /GS /fp:precise /Zc:wchar_t /Zc:forScope /Fo"Debug\\" /Fd"Debug\vc110.pdb" /Gd /TP /analyze- /errorReport:prompt Dijsktra.cpp Main.cpp Mesh.cpp Painter.cpp Parameterization.cpp Sampling.cpp SphereGen.cpp SphereParam.cpp
         SphereParam.cpp
     1>e:\github repos\metu-ceng-coursework\ceng789 - digital geometry processing\hw2\hw2\mesh.h(84): warning C4091: 'typedef ' : ignored on left of 'Vec3f' when no variable is declared
     1>e:\github repos\metu-ceng-coursework\ceng789 - digital geometry processing\hw2\hw2\sphereparam.cpp(13): warning C4018: '<' : signed/unsigned mismatch
     1>e:\github repos\metu-ceng-coursework\ceng789 - digital geometry processing\hw2\hw2\sphereparam.cpp(32): warning C4018: '<' : signed/unsigned mismatch
     1>e:\github repos\metu-ceng-coursework\ceng789 - digital geometry processing\hw2\hw2\sphereparam.cpp(57): warning C4018: '<' : signed/unsigned mismatch
     1>e:\github repos\metu-ceng-coursework\ceng789 - digital geometry processing\hw2\hw2\sphereparam.cpp(77): warning C4018: '<' : signed/unsigned mismatch
     1>e:\github repos\metu-ceng-coursework\ceng789 - digital geometry processing\hw2\hw2\sphereparam.cpp(96): warning C4018: '<' : signed/unsigned mismatch
     1>e:\github repos\metu-ceng-coursework\ceng789 - digital geometry processing\hw2\hw2\sphereparam.cpp(146): warning C4018: '<' : signed/unsigned mismatch
     1>e:\github repos\metu-ceng-coursework\ceng789 - digital geometry processing\hw2\hw2\sphereparam.cpp(211): warning C4018: '<' : signed/unsigned mismatch
     1>e:\github repos\metu-ceng-coursework\ceng789 - digital geometry processing\hw2\hw2\sphereparam.cpp(221): warning C4018: '<' : signed/unsigned mismatch
     1>e:\github repos\metu-ceng-coursework\ceng789 - digital geometry processing\hw2\hw2\sphereparam.cpp(299): warning C4018: '<' : signed/unsigned mismatch
     1>e:\github repos\metu-ceng-coursework\ceng789 - digital geometry processing\hw2\hw2\sphereparam.cpp(308): warning C4018: '<' : signed/unsigned mismatch
         SphereGen.cpp
     1>e:\github repos\metu-ceng-coursework\ceng789 - digital geometry processing\hw2\hw2\mesh.h(84): warning C4091: 'typedef ' : ignored on left of 'Vec3f' when no variable is declared
     1>e:\github repos\metu-ceng-coursework\ceng789 - digital geometry processing\hw2\hw2\spheregen.cpp(10): warning C4018: '<' : signed/unsigned mismatch
     1>e:\github repos\metu-ceng-coursework\ceng789 - digital geometry processing\hw2\hw2\spheregen.cpp(121): warning C4018: '<' : signed/unsigned mismatch
         Sampling.cpp
     1>e:\github repos\metu-ceng-coursework\ceng789 - digital geometry processing\hw2\hw2\mesh.h(84): warning C4091: 'typedef ' : ignored on left of 'Vec3f' when no variable is declared
     1>e:\github repos\metu-ceng-coursework\ceng789 - digital geometry processing\hw2\hw2\sampling.cpp(23): warning C4244: 'initializing' : conversion from 'float' to 'int', possible loss of data
     1>e:\github repos\metu-ceng-coursework\ceng789 - digital geometry processing\hw2\hw2\sampling.cpp(29): warning C4018: '<' : signed/unsigned mismatch
         Parameterization.cpp
     1>e:\github repos\metu-ceng-coursework\ceng789 - digital geometry processing\hw2\hw2\mesh.h(84): warning C4091: 'typedef ' : ignored on left of 'Vec3f' when no variable is declared
     1>e:\github repos\metu-ceng-coursework\ceng789 - digital geometry processing\hw2\hw2\parameterization.cpp(20): warning C4018: '<' : signed/unsigned mismatch
     1>e:\github repos\metu-ceng-coursework\ceng789 - digital geometry processing\hw2\hw2\parameterization.cpp(42): warning C4018: '<' : signed/unsigned mismatch
     1>e:\github repos\metu-ceng-coursework\ceng789 - digital geometry processing\hw2\hw2\parameterization.cpp(44): warning C4018: '<' : signed/unsigned mismatch
     1>e:\github repos\metu-ceng-coursework\ceng789 - digital geometry processing\hw2\hw2\parameterization.cpp(98): warning C4018: '<' : signed/unsigned mismatch
     1>e:\github repos\metu-ceng-coursework\ceng789 - digital geometry processing\hw2\hw2\parameterization.cpp(139): warning C4018: '<' : signed/unsigned mismatch
     1>e:\github repos\metu-ceng-coursework\ceng789 - digital geometry processing\hw2\hw2\parameterization.cpp(181): warning C4018: '<' : signed/unsigned mismatch
     1>e:\github repos\metu-ceng-coursework\ceng789 - digital geometry processing\hw2\hw2\parameterization.cpp(257): warning C4018: '<' : signed/unsigned mismatch
     1>e:\github repos\metu-ceng-coursework\ceng789 - digital geometry processing\hw2\hw2\parameterization.cpp(271): warning C4244: '+=' : conversion from 'double' to 'float', possible loss of data
     1>e:\github repos\metu-ceng-coursework\ceng789 - digital geometry processing\hw2\hw2\parameterization.cpp(275): warning C4244: '+=' : conversion from 'double' to 'float', possible loss of data
     1>e:\github repos\metu-ceng-coursework\ceng789 - digital geometry processing\hw2\hw2\parameterization.cpp(285): warning C4244: '+=' : conversion from 'double' to 'float', possible loss of data
     1>e:\github repos\metu-ceng-coursework\ceng789 - digital geometry processing\hw2\hw2\parameterization.cpp(289): warning C4244: '+=' : conversion from 'double' to 'float', possible loss of data
     1>e:\github repos\metu-ceng-coursework\ceng789 - digital geometry processing\hw2\hw2\parameterization.cpp(299): warning C4244: '+=' : conversion from 'double' to 'float', possible loss of data
     1>e:\github repos\metu-ceng-coursework\ceng789 - digital geometry processing\hw2\hw2\parameterization.cpp(303): warning C4244: '+=' : conversion from 'double' to 'float', possible loss of data
     1>e:\github repos\metu-ceng-coursework\ceng789 - digital geometry processing\hw2\hw2\parameterization.cpp(373): warning C4018: '<' : signed/unsigned mismatch
     1>e:\github repos\metu-ceng-coursework\ceng789 - digital geometry processing\hw2\hw2\parameterization.cpp(493): warning C4244: 'initializing' : conversion from 'double' to 'float', possible loss of data
     1>e:\github repos\metu-ceng-coursework\ceng789 - digital geometry processing\hw2\hw2\parameterization.cpp(497): warning C4244: 'initializing' : conversion from 'double' to 'float', possible loss of data
     1>e:\github repos\metu-ceng-coursework\ceng789 - digital geometry processing\hw2\hw2\parameterization.cpp(519): warning C4018: '<' : signed/unsigned mismatch
     1>e:\github repos\metu-ceng-coursework\ceng789 - digital geometry processing\hw2\hw2\parameterization.cpp(605): warning C4018: '<' : signed/unsigned mismatch
     1>e:\github repos\metu-ceng-coursework\ceng789 - digital geometry processing\hw2\hw2\parameterization.cpp(609): warning C4018: '<' : signed/unsigned mismatch
     1>e:\github repos\metu-ceng-coursework\ceng789 - digital geometry processing\hw2\hw2\parameterization.cpp(627): warning C4018: '<' : signed/unsigned mismatch
     1>e:\github repos\metu-ceng-coursework\ceng789 - digital geometry processing\hw2\hw2\parameterization.cpp(631): warning C4018: '<' : signed/unsigned mismatch
     1>e:\github repos\metu-ceng-coursework\ceng789 - digital geometry processing\hw2\hw2\parameterization.cpp(655): warning C4018: '<' : signed/unsigned mismatch
     1>e:\github repos\metu-ceng-coursework\ceng789 - digital geometry processing\hw2\hw2\parameterization.cpp(697): warning C4018: '<' : signed/unsigned mismatch
     1>e:\github repos\metu-ceng-coursework\ceng789 - digital geometry processing\hw2\hw2\parameterization.cpp(727): warning C4018: '<' : signed/unsigned mismatch
     1>e:\github repos\metu-ceng-coursework\ceng789 - digital geometry processing\hw2\hw2\parameterization.cpp(747): warning C4018: '<' : signed/unsigned mismatch
     1>e:\github repos\metu-ceng-coursework\ceng789 - digital geometry processing\hw2\hw2\parameterization.cpp(781): warning C4018: '<' : signed/unsigned mismatch
     1>e:\github repos\metu-ceng-coursework\ceng789 - digital geometry processing\hw2\hw2\parameterization.cpp(815): warning C4018: '<' : signed/unsigned mismatch
     1>e:\github repos\metu-ceng-coursework\ceng789 - digital geometry processing\hw2\hw2\parameterization.cpp(858): warning C4018: '<' : signed/unsigned mismatch
         Painter.cpp
     1>e:\github repos\metu-ceng-coursework\ceng789 - digital geometry processing\hw2\hw2\mesh.h(84): warning C4091: 'typedef ' : ignored on left of 'Vec3f' when no variable is declared
     1>e:\github repos\metu-ceng-coursework\ceng789 - digital geometry processing\hw2\hw2\painter.cpp(12): warning C4305: 'argument' : truncation from 'double' to 'const float'
     1>e:\github repos\metu-ceng-coursework\ceng789 - digital geometry processing\hw2\hw2\painter.cpp(23): warning C4305: 'argument' : truncation from 'double' to 'float'
     1>e:\github repos\metu-ceng-coursework\ceng789 - digital geometry processing\hw2\hw2\painter.cpp(35): warning C4018: '<' : signed/unsigned mismatch
     1>e:\github repos\metu-ceng-coursework\ceng789 - digital geometry processing\hw2\hw2\painter.cpp(38): warning C4018: '<' : signed/unsigned mismatch
     1>e:\github repos\metu-ceng-coursework\ceng789 - digital geometry processing\hw2\hw2\painter.cpp(162): warning C4018: '<' : signed/unsigned mismatch
     1>e:\github repos\metu-ceng-coursework\ceng789 - digital geometry processing\hw2\hw2\painter.cpp(230): warning C4305: 'argument' : truncation from 'double' to 'const float'
     1>e:\github repos\metu-ceng-coursework\ceng789 - digital geometry processing\hw2\hw2\painter.cpp(232): warning C4018: '<' : signed/unsigned mismatch
     1>e:\github repos\metu-ceng-coursework\ceng789 - digital geometry processing\hw2\hw2\painter.cpp(255): warning C4305: 'argument' : truncation from 'double' to 'float'
     1>e:\github repos\metu-ceng-coursework\ceng789 - digital geometry processing\hw2\hw2\painter.cpp(264): warning C4018: '<' : signed/unsigned mismatch
     1>e:\github repos\metu-ceng-coursework\ceng789 - digital geometry processing\hw2\hw2\painter.cpp(270): warning C4018: '<' : signed/unsigned mismatch
         Mesh.cpp
     1>e:\github repos\metu-ceng-coursework\ceng789 - digital geometry processing\hw2\hw2\mesh.h(84): warning C4091: 'typedef ' : ignored on left of 'Vec3f' when no variable is declared
     1>e:\github repos\metu-ceng-coursework\ceng789 - digital geometry processing\hw2\hw2\mesh.cpp(6): warning C4996: 'fopen': This function or variable may be unsafe. Consider using fopen_s instead. To disable deprecation, use _CRT_SECURE_NO_WARNINGS. See online help for details.
                 e:\program dosyaları (x86)\microsoft visual studio 11.0\vc\include\stdio.h(218) : see declaration of 'fopen'
     1>e:\github repos\metu-ceng-coursework\ceng789 - digital geometry processing\hw2\hw2\mesh.cpp(9): warning C4996: 'fscanf': This function or variable may be unsafe. Consider using fscanf_s instead. To disable deprecation, use _CRT_SECURE_NO_WARNINGS. See online help for details.
                 e:\program dosyaları (x86)\microsoft visual studio 11.0\vc\include\stdio.h(237) : see declaration of 'fscanf'
     1>e:\github repos\metu-ceng-coursework\ceng789 - digital geometry processing\hw2\hw2\mesh.cpp(14): warning C4996: 'fscanf': This function or variable may be unsafe. Consider using fscanf_s instead. To disable deprecation, use _CRT_SECURE_NO_WARNINGS. See online help for details.
                 e:\program dosyaları (x86)\microsoft visual studio 11.0\vc\include\stdio.h(237) : see declaration of 'fscanf'
     1>e:\github repos\metu-ceng-coursework\ceng789 - digital geometry processing\hw2\hw2\mesh.cpp(17): warning C4996: 'fscanf': This function or variable may be unsafe. Consider using fscanf_s instead. To disable deprecation, use _CRT_SECURE_NO_WARNINGS. See online help for details.
                 e:\program dosyaları (x86)\microsoft visual studio 11.0\vc\include\stdio.h(237) : see declaration of 'fscanf'
     1>e:\github repos\metu-ceng-coursework\ceng789 - digital geometry processing\hw2\hw2\mesh.cpp(21): warning C4996: 'fscanf': This function or variable may be unsafe. Consider using fscanf_s instead. To disable deprecation, use _CRT_SECURE_NO_WARNINGS. See online help for details.
                 e:\program dosyaları (x86)\microsoft visual studio 11.0\vc\include\stdio.h(237) : see declaration of 'fscanf'
     1>e:\github repos\metu-ceng-coursework\ceng789 - digital geometry processing\hw2\hw2\mesh.cpp(23): warning C4996: 'fscanf': This function or variable may be unsafe. Consider using fscanf_s instead. To disable deprecation, use _CRT_SECURE_NO_WARNINGS. See online help for details.
                 e:\program dosyaları (x86)\microsoft visual studio 11.0\vc\include\stdio.h(237) : see declaration of 'fscanf'
     1>e:\github repos\metu-ceng-coursework\ceng789 - digital geometry processing\hw2\hw2\mesh.cpp(112): warning C4018: '<' : signed/unsigned mismatch
     1>e:\github repos\metu-ceng-coursework\ceng789 - digital geometry processing\hw2\hw2\mesh.cpp(158): warning C4018: '<' : signed/unsigned mismatch
     1>e:\github repos\metu-ceng-coursework\ceng789 - digital geometry processing\hw2\hw2\mesh.cpp(177): warning C4018: '<' : signed/unsigned mismatch
     1>e:\github repos\metu-ceng-coursework\ceng789 - digital geometry processing\hw2\hw2\mesh.cpp(210): warning C4018: '<' : signed/unsigned mismatch
         Main.cpp
     1>e:\github repos\metu-ceng-coursework\ceng789 - digital geometry processing\hw2\hw2\mesh.h(84): warning C4091: 'typedef ' : ignored on left of 'Vec3f' when no variable is declared
     1>e:\github repos\metu-ceng-coursework\ceng789 - digital geometry processing\hw2\hw2\main.cpp(93): warning C4018: '<' : signed/unsigned mismatch
     1>e:\github repos\metu-ceng-coursework\ceng789 - digital geometry processing\hw2\hw2\main.cpp(101): warning C4018: '<' : signed/unsigned mismatch
     1>e:\github repos\metu-ceng-coursework\ceng789 - digital geometry processing\hw2\hw2\main.cpp(127): warning C4018: '<' : signed/unsigned mismatch
     1>e:\github repos\metu-ceng-coursework\ceng789 - digital geometry processing\hw2\hw2\main.cpp(186): warning C4018: '<' : signed/unsigned mismatch
     1>e:\github repos\metu-ceng-coursework\ceng789 - digital geometry processing\hw2\hw2\main.cpp(193): warning C4018: '<' : signed/unsigned mismatch
     1>e:\github repos\metu-ceng-coursework\ceng789 - digital geometry processing\hw2\hw2\main.cpp(196): warning C4018: '<' : signed/unsigned mismatch
     1>e:\github repos\metu-ceng-coursework\ceng789 - digital geometry processing\hw2\hw2\main.cpp(213): warning C4018: '<' : signed/unsigned mismatch
     1>e:\github repos\metu-ceng-coursework\ceng789 - digital geometry processing\hw2\hw2\main.cpp(289): warning C4018: '<' : signed/unsigned mismatch
     1>e:\github repos\metu-ceng-coursework\ceng789 - digital geometry processing\hw2\hw2\main.cpp(296): warning C4018: '<' : signed/unsigned mismatch
     1>e:\github repos\metu-ceng-coursework\ceng789 - digital geometry processing\hw2\hw2\main.cpp(299): warning C4018: '<' : signed/unsigned mismatch
         Dijsktra.cpp
     1>e:\github repos\metu-ceng-coursework\ceng789 - digital geometry processing\hw2\hw2\mesh.h(84): warning C4091: 'typedef ' : ignored on left of 'Vec3f' when no variable is declared
     1>e:\program dosyaları (x86)\microsoft visual studio 11.0\vc\include\utility(182): warning C4244: 'initializing' : conversion from 'int' to 'float', possible loss of data
                 e:\github repos\metu-ceng-coursework\ceng789 - digital geometry processing\hw2\hw2\dijsktra.cpp(27) : see reference to function template instantiation 'std::pair<_Ty1,_Ty2>::pair<int,int>(std::pair<int,_Ty2> &&,void **)' being compiled
                 with
                 [
                     _Ty1=float,
                     _Ty2=int
                 ]
                 e:\github repos\metu-ceng-coursework\ceng789 - digital geometry processing\hw2\hw2\dijsktra.cpp(27) : see reference to function template instantiation 'std::pair<_Ty1,_Ty2>::pair<int,int>(std::pair<int,_Ty2> &&,void **)' being compiled
                 with
                 [
                     _Ty1=float,
                     _Ty2=int
                 ]
         Generating Code...
     1>e:\github repos\metu-ceng-coursework\ceng789 - digital geometry processing\hw2\hw2\parameterization.cpp(112): warning C4715: 'Parameterization::FindSuccessiveVertex' : not all control paths return a value
       Link:
         E:\Program Dosyaları (x86)\Microsoft Visual Studio 11.0\VC\bin\link.exe /ERRORREPORT:PROMPT /OUT:"E:\GitHub Repos\METU-CENG-Coursework\Ceng789 - Digital Geometry Processing\HW2\Debug\HW2.exe" /INCREMENTAL /NOLOGO /LIBPATH:E:\Coin3D\lib coin2d.lib sowin1d.lib kernel32.lib user32.lib gdi32.lib winspool.lib comdlg32.lib advapi32.lib shell32.lib ole32.lib oleaut32.lib uuid.lib odbc32.lib odbccp32.lib /MANIFEST /MANIFESTUAC:"level='asInvoker' uiAccess='false'" /manifest:embed /DEBUG /PDB:"E:\GitHub Repos\METU-CENG-Coursework\Ceng789 - Digital Geometry Processing\HW2\Debug\HW2.pdb" /SUBSYSTEM:CONSOLE /TLBID:1 /DYNAMICBASE /NXCOMPAT /IMPLIB:"E:\GitHub Repos\METU-CENG-Coursework\Ceng789 - Digital Geometry Processing\HW2\Debug\HW2.lib" /MACHINE:X86 Debug\Dijsktra.obj
         Debug\Main.obj
         Debug\Mesh.obj
         Debug\Painter.obj
         Debug\Parameterization.obj
         Debug\Sampling.obj
         Debug\SphereGen.obj
         Debug\SphereParam.obj
         HW2.vcxproj -> E:\GitHub Repos\METU-CENG-Coursework\Ceng789 - Digital Geometry Processing\HW2\Debug\HW2.exe
     1>Done Building Project "E:\GitHub Repos\METU-CENG-Coursework\Ceng789 - Digital Geometry Processing\HW2\HW2\HW2.vcxproj" (Build target(s)).

Build succeeded.

Time Elapsed 00:00:19.79
