Build started 11.06.2020 20:46:00.
     1>Project "C:\Users\Lenovo\Documents\Visual Studio 2012\Projects\SemiConvexHull\SemiConvexHull\SemiConvexHull.vcxproj" on node 2 (Build target(s)).
     1>ClCompile:
         E:\Program Dosyaları (x86)\Microsoft Visual Studio 11.0\VC\bin\CL.exe /c /IE:\Coin3D\include /I"E:\3d-quickhull-master" /I"E:\convhull_3d-master" /IE:\EigenLib /ZI /nologo /W3 /WX- /Od /Oy- /D "WIN32" /D _DEBUG /D _CONSOLE /D "COIN_DLL" /D "SOWIN_DLL" /D "_UNICODE" /D "UNICODE" /Gm /EHsc /RTC1 /MDd /GS /fp:precise /Zc:wchar_t /Zc:forScope /Fo"Debug\\" /Fd"Debug\vc110.pdb" /Gd /TP /analyze- /errorReport:prompt Remeshing.cpp
         Remeshing.cpp
     1>c:\users\lenovo\documents\visual studio 2012\projects\semiconvexhull\semiconvexhull\mesh.h(96): warning C4091: 'typedef ' : ignored on left of 'Vec3f' when no variable is declared
     1>c:\users\lenovo\documents\visual studio 2012\projects\semiconvexhull\semiconvexhull\remeshing.cpp(33): warning C4018: '<' : signed/unsigned mismatch
     1>c:\users\lenovo\documents\visual studio 2012\projects\semiconvexhull\semiconvexhull\remeshing.cpp(46): warning C4018: '<' : signed/unsigned mismatch
     1>c:\users\lenovo\documents\visual studio 2012\projects\semiconvexhull\semiconvexhull\remeshing.cpp(65): warning C4018: '<' : signed/unsigned mismatch
     1>c:\users\lenovo\documents\visual studio 2012\projects\semiconvexhull\semiconvexhull\remeshing.cpp(114): warning C4244: 'initializing' : conversion from 'double' to 'float', possible loss of data
     1>c:\users\lenovo\documents\visual studio 2012\projects\semiconvexhull\semiconvexhull\remeshing.cpp(121): warning C4018: '<' : signed/unsigned mismatch
     1>c:\users\lenovo\documents\visual studio 2012\projects\semiconvexhull\semiconvexhull\remeshing.cpp(549): warning C4018: '<' : signed/unsigned mismatch
     1>c:\users\lenovo\documents\visual studio 2012\projects\semiconvexhull\semiconvexhull\remeshing.cpp(560): warning C4018: '<' : signed/unsigned mismatch
     1>c:\users\lenovo\documents\visual studio 2012\projects\semiconvexhull\semiconvexhull\remeshing.cpp(584): warning C4018: '<' : signed/unsigned mismatch
     1>c:\users\lenovo\documents\visual studio 2012\projects\semiconvexhull\semiconvexhull\remeshing.cpp(594): warning C4018: '<' : signed/unsigned mismatch
     1>c:\users\lenovo\documents\visual studio 2012\projects\semiconvexhull\semiconvexhull\remeshing.cpp(604): warning C4305: 'initializing' : truncation from 'double' to 'float'
     1>c:\users\lenovo\documents\visual studio 2012\projects\semiconvexhull\semiconvexhull\remeshing.cpp(605): warning C4305: 'initializing' : truncation from 'double' to 'float'
     1>c:\users\lenovo\documents\visual studio 2012\projects\semiconvexhull\semiconvexhull\remeshing.cpp(607): warning C4305: '=' : truncation from 'double' to 'float'
     1>c:\users\lenovo\documents\visual studio 2012\projects\semiconvexhull\semiconvexhull\remeshing.cpp(608): warning C4305: '=' : truncation from 'double' to 'float'
       Link:
         E:\Program Dosyaları (x86)\Microsoft Visual Studio 11.0\VC\bin\link.exe /ERRORREPORT:PROMPT /OUT:"C:\Users\Lenovo\Documents\Visual Studio 2012\Projects\SemiConvexHull\Debug\SemiConvexHull.exe" /INCREMENTAL /NOLOGO /LIBPATH:E:\Coin3D\lib coin2d.lib sowin1d.lib kernel32.lib user32.lib gdi32.lib winspool.lib comdlg32.lib advapi32.lib shell32.lib ole32.lib oleaut32.lib uuid.lib odbc32.lib odbccp32.lib /MANIFEST /MANIFESTUAC:"level='asInvoker' uiAccess='false'" /manifest:embed /DEBUG /PDB:"C:\Users\Lenovo\Documents\Visual Studio 2012\Projects\SemiConvexHull\Debug\SemiConvexHull.pdb" /SUBSYSTEM:CONSOLE /TLBID:1 /DYNAMICBASE /NXCOMPAT /IMPLIB:"C:\Users\Lenovo\Documents\Visual Studio 2012\Projects\SemiConvexHull\Debug\SemiConvexHull.lib" /MACHINE:X86 Debug\ConvexHull.obj
         Debug\Main.obj
         Debug\Mesh.obj
         Debug\Painter.obj
         Debug\Remeshing.obj
         Debug\Sampling.obj
         Debug\Simplification.obj
         SemiConvexHull.vcxproj -> C:\Users\Lenovo\Documents\Visual Studio 2012\Projects\SemiConvexHull\Debug\SemiConvexHull.exe
     1>Done Building Project "C:\Users\Lenovo\Documents\Visual Studio 2012\Projects\SemiConvexHull\SemiConvexHull\SemiConvexHull.vcxproj" (Build target(s)).

Build succeeded.

Time Elapsed 00:00:05.63
